Copyright 1986-2022 Xilinx, Inc. All Rights Reserved. Copyright 2022-2024 Advanced Micro Devices, Inc. All Rights Reserved.
---------------------------------------------------------------------------------------------------------------------------------------------
| Tool Version : Vivado v.2024.2 (win64) Build 5239630 Fri Nov 08 22:35:27 MST 2024
| Date         : Sun Aug 17 02:14:35 2025
| Host         : DESKTOP-RHFKJM7 running 64-bit major release  (build 9200)
| Command      : report_drc -file crypto_wrapper_drc_routed.rpt -pb crypto_wrapper_drc_routed.pb -rpx crypto_wrapper_drc_routed.rpx
| Design       : crypto_wrapper
| Device       : xczu7ev-ffvc1156-2-e
| Speed File   : -2
| Design State : Fully Routed
---------------------------------------------------------------------------------------------------------------------------------------------

Report DRC

Table of Contents
-----------------
1. REPORT SUMMARY
2. REPORT DETAILS

1. REPORT SUMMARY
-----------------
            Netlist: netlist
          Floorplan: design_1
      Design limits: <entire design considered>
           Ruledeck: default
             Max checks: <unlimited>
             Checks found: 1
+----------+----------+----------------------------+--------+
| Rule     | Severity | Description                | Checks |
+----------+----------+----------------------------+--------+
| PDRC-134 | Warning  | SLICE_PairEqSame_B6B5_WARN | 1      |
+----------+----------+----------------------------+--------+

2. REPORT DETAILS
-----------------
PDRC-134#1 Warning
SLICE_PairEqSame_B6B5_WARN  
Luts B6LUT and B5LUT in use in site SLICE_X27Y303 with different equations without A6 pin connected to Global Logic High.
Related violations: <none>


